<?xml version="1.0" encoding="UTF-8"?>
<!-- Generated by org.testng.reporters.JUnitReportReporter -->
<testsuite skipped="0" hostname="Darshan-PC" name="com.autodesk.crm.contact.Dummy" tests="1" failures="0" timestamp="11 Mar 2020 05:42:11 GMT" time="1.242" errors="0">
  <testcase name="test" time="1.242" classname="com.autodesk.crm.contact.Dummy"/>
</testsuite> <!-- com.autodesk.crm.contact.Dummy -->
