<?xml version="1.0" encoding="UTF-8"?>
<!-- Generated by org.testng.reporters.JUnitReportReporter -->
<testsuite skipped="0" hostname="Darshan-PC" name="com.autodesk.crm.leads.Leads" tests="1" failures="0" timestamp="23 Feb 2020 10:57:43 GMT" time="32.865" errors="0">
  <testcase name="lead" time="32.865" classname="com.autodesk.crm.leads.Leads"/>
</testsuite> <!-- com.autodesk.crm.leads.Leads -->
