<?xml version="1.0" encoding="UTF-8"?>
<!-- Generated by org.testng.reporters.JUnitReportReporter -->
<testsuite skipped="0" hostname="Darshan-PC" name="com.selenium.senarios.Senario_2" tests="1" failures="0" timestamp="16 Apr 2020 18:55:22 GMT" time="123.917" errors="0">
  <testcase name="composeMail" time="123.917" classname="com.selenium.senarios.Senario_2"/>
</testsuite> <!-- com.selenium.senarios.Senario_2 -->
