<?xml version="1.0" encoding="UTF-8"?>
<!-- Generated by org.testng.reporters.JUnitReportReporter -->
<testsuite skipped="0" hostname="Darshan-PC" name="com.autodesk.crm.contact.Testclass" tests="2" failures="0" timestamp="25 Feb 2020 05:11:40 GMT" time="0.011" errors="0">
  <testcase name="createproduct" time="0.010" classname="com.autodesk.crm.contact.Testclass"/>
  <testcase name="deleteproudct" time="0.001" classname="com.autodesk.crm.contact.Testclass"/>
</testsuite> <!-- com.autodesk.crm.contact.Testclass -->
