<?xml version="1.0" encoding="UTF-8"?>
<!-- Generated by org.testng.reporters.JUnitReportReporter -->
<testsuite skipped="0" hostname="Darshan-PC" name="com.autodesk.crm.leads.Contact" tests="1" failures="0" timestamp="25 Feb 2020 07:35:20 GMT" time="25.314" errors="0">
  <testcase name="organizationTest" time="25.314" classname="com.autodesk.crm.leads.Contact"/>
</testsuite> <!-- com.autodesk.crm.leads.Contact -->
