<?xml version="1.0" encoding="UTF-8"?>
<!-- Generated by org.testng.reporters.JUnitReportReporter -->
<testsuite skipped="0" hostname="Darshan-PC" name="com.crm.autodesk.baseclassnewclas.BaseLeads" tests="1" failures="0" timestamp="25 Feb 2020 18:44:20 GMT" time="23.517" errors="0">
  <testcase name="Lead" time="23.517" classname="com.crm.autodesk.baseclassnewclas.BaseLeads"/>
</testsuite> <!-- com.crm.autodesk.baseclassnewclas.BaseLeads -->
