<?xml version="1.0" encoding="UTF-8"?>
<!-- Generated by org.testng.reporters.JUnitReportReporter -->
<testsuite skipped="0" hostname="Darshan-PC" name="com.autodesk.crm.contact.RemoteBro" tests="1" failures="0" timestamp="12 Mar 2020 10:28:50 GMT" time="69.122" errors="0">
  <testcase name="test" time="69.122" classname="com.autodesk.crm.contact.RemoteBro"/>
</testsuite> <!-- com.autodesk.crm.contact.RemoteBro -->
