<?xml version="1.0" encoding="UTF-8"?>
<!-- Generated by org.testng.reporters.JUnitReportReporter -->
<testsuite skipped="0" hostname="Darshan-PC" name="com.autodesk.crm.contact.JavascriptExe" tests="1" failures="0" timestamp="12 Mar 2020 10:32:31 GMT" time="20.364" errors="0">
  <testcase name="test" time="20.364" classname="com.autodesk.crm.contact.JavascriptExe"/>
</testsuite> <!-- com.autodesk.crm.contact.JavascriptExe -->
