<?xml version="1.0" encoding="UTF-8"?>
<!-- Generated by org.testng.reporters.JUnitReportReporter -->
<testsuite skipped="0" hostname="Darshan-PC" name="com.autodesk.crm.contact.CrossBrowser" tests="2" failures="0" timestamp="25 Feb 2020 06:30:53 GMT" time="28.324" errors="0">
  <testcase name="test" time="12.377" classname="com.autodesk.crm.contact.CrossBrowser"/>
  <testcase name="test" time="15.947" classname="com.autodesk.crm.contact.CrossBrowser"/>
</testsuite> <!-- com.autodesk.crm.contact.CrossBrowser -->
