<?xml version="1.0" encoding="UTF-8"?>
<!-- Generated by org.testng.reporters.JUnitReportReporter -->
<testsuite skipped="0" hostname="Darshan-PC" name="com.crm.autodesk.invoice.Invoice" tests="1" failures="0" timestamp="24 Feb 2020 06:55:16 GMT" time="16.084" errors="0">
  <testcase name="invoicepage" time="16.084" classname="com.crm.autodesk.invoice.Invoice"/>
</testsuite> <!-- com.crm.autodesk.invoice.Invoice -->
