<?xml version="1.0" encoding="UTF-8"?>
<!-- Generated by org.testng.reporters.JUnitReportReporter -->
<testsuite skipped="0" hostname="Darshan-PC" name="com.autodesk.crm.contact.TestCla" tests="2" failures="0" timestamp="26 Feb 2020 07:27:26 GMT" time="35.512" errors="0">
  <testcase name="test1" time="10.816" classname="com.autodesk.crm.contact.TestCla"/>
  <testcase name="test2" time="24.696" classname="com.autodesk.crm.contact.TestCla"/>
</testsuite> <!-- com.autodesk.crm.contact.TestCla -->
